<?xml version="1.0" encoding="UTF-8"?>
<!-- Generated by org.testng.reporters.JUnitReportReporter -->
<testsuite skipped="0" hostname="ANMICK" name="org.demo.Explore" tests="3" failures="0" timestamp="26 Mar 2023 15:44:39 GMT" time="37.391" errors="0">
  <testcase name="test2" time="12.374" classname="org.demo.Explore"/>
  <testcase name="test2" time="12.579" classname="org.demo.Explore"/>
  <testcase name="test2" time="12.438" classname="org.demo.Explore"/>
</testsuite> <!-- org.demo.Explore -->
