<?xml version="1.0" encoding="UTF-8"?>
<!-- Generated by org.testng.reporters.JUnitReportReporter -->
<testsuite skipped="0" hostname="ANMICK" name="org.test.TestNG" tests="3" failures="0" timestamp="22 Apr 2023 07:32:27 GMT" time="3.259" errors="0">
  <testcase name="test1" time="0.938" classname="org.test.TestNG"/>
  <testcase name="test1" time="1.122" classname="org.test.TestNG"/>
  <testcase name="test1" time="1.199" classname="org.test.TestNG"/>
</testsuite> <!-- org.test.TestNG -->
