<?xml version="1.0" encoding="UTF-8"?>
<!-- Generated by org.testng.reporters.JUnitReportReporter -->
<testsuite skipped="0" hostname="ANMICK" name="org.test.MiniProject" tests="5" failures="0" timestamp="22 Apr 2023 09:32:08 GMT" time="0.904" errors="0">
  <testcase name="login" time="0.222" classname="org.test.MiniProject"/>
  <testcase name="addToCart" time="0.086" classname="org.test.MiniProject"/>
  <testcase name="checkOut" time="0.092" classname="org.test.MiniProject"/>
  <testcase name="bookingSection" time="0.246" classname="org.test.MiniProject"/>
  <testcase name="finishTheOrder" time="0.258" classname="org.test.MiniProject"/>
</testsuite> <!-- org.test.MiniProject -->
