<?xml version="1.0" encoding="UTF-8"?>
<!-- Generated by org.testng.reporters.JUnitReportReporter -->
<testsuite skipped="0" hostname="ANMICK" name="org.test.Employee" tests="1" failures="0" timestamp="23 Mar 2023 17:02:07 GMT" time="0.709" errors="0">
  <testcase name="test1" time="0.709" classname="org.test.Employee"/>
</testsuite> <!-- org.test.Employee -->
