<?xml version="1.0" encoding="UTF-8"?>
<!-- Generated by org.testng.reporters.JUnitReportReporter -->
<testsuite skipped="0" hostname="ANMICK" name="org.test.BrowserLaunch" tests="7" failures="0" timestamp="28 Mar 2023 13:39:59 GMT" time="13.974" errors="0">
  <testcase name="test5" time="0.059" classname="org.test.BrowserLaunch"/>
  <testcase name="test3" time="0.067" classname="org.test.BrowserLaunch"/>
  <testcase name="test1" time="2.369" classname="org.test.BrowserLaunch"/>
  <testcase name="test2" time="0.126" classname="org.test.BrowserLaunch"/>
  <testcase name="testCheckIn" time="0.197" classname="org.test.BrowserLaunch"/>
  <testcase name="test4" time="0.055" classname="org.test.BrowserLaunch"/>
  <testcase name="room" time="11.101" classname="org.test.BrowserLaunch"/>
</testsuite> <!-- org.test.BrowserLaunch -->
